Performing C++ SOURCE FILE Test CMAKE_HAVE_LIBC_PTHREAD failed with the following output:
Change Dir: /home/xpy/http/cpp-httplib-master/CMakeFiles/CMakeTmp

Run Build Command(s):/usr/bin/make cmTC_7f410/fast && /usr/bin/make -f CMakeFiles/cmTC_7f410.dir/build.make CMakeFiles/cmTC_7f410.dir/build
make[1]: Entering directory '/mnt/hgfs/source_code/media/xport-master/cpp-httplib-master/CMakeFiles/CMakeTmp'
Building CXX object CMakeFiles/cmTC_7f410.dir/src.cxx.o
/usr/bin/c++    -DCMAKE_HAVE_LIBC_PTHREAD   -o CMakeFiles/cmTC_7f410.dir/src.cxx.o -c /home/xpy/http/cpp-httplib-master/CMakeFiles/CMakeTmp/src.cxx
Linking CXX executable cmTC_7f410
/usr/bin/cmake -E cmake_link_script CMakeFiles/cmTC_7f410.dir/link.txt --verbose=1
/usr/bin/c++   -DCMAKE_HAVE_LIBC_PTHREAD    CMakeFiles/cmTC_7f410.dir/src.cxx.o  -o cmTC_7f410 
/usr/bin/ld: CMakeFiles/cmTC_7f410.dir/src.cxx.o: in function `main':
src.cxx:(.text+0x46): undefined reference to `pthread_create'
/usr/bin/ld: src.cxx:(.text+0x52): undefined reference to `pthread_detach'
/usr/bin/ld: src.cxx:(.text+0x63): undefined reference to `pthread_join'
collect2: error: ld returned 1 exit status
make[1]: *** [CMakeFiles/cmTC_7f410.dir/build.make:87: cmTC_7f410] Error 1
make[1]: Leaving directory '/mnt/hgfs/source_code/media/xport-master/cpp-httplib-master/CMakeFiles/CMakeTmp'
make: *** [Makefile:121: cmTC_7f410/fast] Error 2


Source file was:
#include <pthread.h>

void* test_func(void* data)
{
  return data;
}

int main(void)
{
  pthread_t thread;
  pthread_create(&thread, NULL, test_func, NULL);
  pthread_detach(thread);
  pthread_join(thread, NULL);
  pthread_atfork(NULL, NULL, NULL);
  pthread_exit(NULL);

  return 0;
}

Determining if the function pthread_create exists in the pthreads failed with the following output:
Change Dir: /home/xpy/http/cpp-httplib-master/CMakeFiles/CMakeTmp

Run Build Command(s):/usr/bin/make cmTC_753cf/fast && /usr/bin/make -f CMakeFiles/cmTC_753cf.dir/build.make CMakeFiles/cmTC_753cf.dir/build
make[1]: Entering directory '/mnt/hgfs/source_code/media/xport-master/cpp-httplib-master/CMakeFiles/CMakeTmp'
Building CXX object CMakeFiles/cmTC_753cf.dir/CheckFunctionExists.cxx.o
/usr/bin/c++    -DCHECK_FUNCTION_EXISTS=pthread_create   -o CMakeFiles/cmTC_753cf.dir/CheckFunctionExists.cxx.o -c /home/xpy/http/cpp-httplib-master/CMakeFiles/CheckLibraryExists/CheckFunctionExists.cxx
Linking CXX executable cmTC_753cf
/usr/bin/cmake -E cmake_link_script CMakeFiles/cmTC_753cf.dir/link.txt --verbose=1
/usr/bin/c++   -DCHECK_FUNCTION_EXISTS=pthread_create    CMakeFiles/cmTC_753cf.dir/CheckFunctionExists.cxx.o  -o cmTC_753cf  -lpthreads 
/usr/bin/ld: cannot find -lpthreads
collect2: error: ld returned 1 exit status
make[1]: *** [CMakeFiles/cmTC_753cf.dir/build.make:87: cmTC_753cf] Error 1
make[1]: Leaving directory '/mnt/hgfs/source_code/media/xport-master/cpp-httplib-master/CMakeFiles/CMakeTmp'
make: *** [Makefile:121: cmTC_753cf/fast] Error 2



